<?xml version="1.0" encoding="UTF-8"?>
<testng-results ignored="0" total="1" passed="1" failed="0" skipped="0">
  <reporter-output>
  </reporter-output>
  <suite started-at="2021-07-02T13:19:09 EEST" name="Default suite" finished-at="2021-07-02T13:19:11 EEST" duration-ms="1709">
    <groups>
    </groups>
    <test started-at="2021-07-02T13:19:09 EEST" name="Default test" finished-at="2021-07-02T13:19:11 EEST" duration-ms="1709">
      <class name="Rest_testing.Logging_request_and_response">
        <test-method signature="Logging()[pri:0, instance:Rest_testing.Logging_request_and_response@6b8ca3c8]" started-at="2021-07-02T13:19:09 EEST" name="Logging" finished-at="2021-07-02T13:19:11 EEST" duration-ms="1687" status="PASS">
          <reporter-output>
          </reporter-output>
        </test-method> <!-- Logging -->
      </class> <!-- Rest_testing.Logging_request_and_response -->
    </test> <!-- Default test -->
  </suite> <!-- Default suite -->
</testng-results>
