<?xml version="1.0" encoding="UTF-8"?>
<testng-results ignored="0" total="1" passed="1" failed="0" skipped="0">
  <reporter-output>
  </reporter-output>
  <suite started-at="2022-02-02T13:27:25 EET" name="Default suite" finished-at="2022-02-02T13:27:27 EET" duration-ms="1665">
    <groups>
    </groups>
    <test started-at="2022-02-02T13:27:25 EET" name="Default test" finished-at="2022-02-02T13:27:27 EET" duration-ms="1665">
      <class name="Rest_testing.Extract_response">
        <test-method signature="Get_response_json()[pri:0, instance:Rest_testing.Extract_response@68c72235]" started-at="2022-02-02T13:27:25 EET" name="Get_response_json" finished-at="2022-02-02T13:27:27 EET" duration-ms="1644" status="PASS">
          <reporter-output>
          </reporter-output>
        </test-method> <!-- Get_response_json -->
      </class> <!-- Rest_testing.Extract_response -->
    </test> <!-- Default test -->
  </suite> <!-- Default suite -->
</testng-results>
